{"C:\\Users\\12101338\\Desktop\\code\\server\\controllers\\securityController.js": {"path":"C:\\Users\\12101338\\Desktop\\code\\server\\controllers\\securityController.js","statementMap":{"0":{"start":{"line":1,"column":20},"end":{"line":1,"column":54}},"1":{"start":{"line":2,"column":12},"end":{"line":2,"column":35}},"2":{"start":{"line":3,"column":19},"end":{"line":3,"column":41}},"3":{"start":{"line":4,"column":23},"end":{"line":4,"column":49}},"4":{"start":{"line":6,"column":0},"end":{"line":40,"column":2}},"5":{"start":{"line":7,"column":4},"end":{"line":39,"column":5}},"6":{"start":{"line":8,"column":23},"end":{"line":8,"column":26}},"7":{"start":{"line":9,"column":25},"end":{"line":9,"column":42}},"8":{"start":{"line":10,"column":25},"end":{"line":10,"column":42}},"9":{"start":{"line":11,"column":8},"end":{"line":11,"column":43}},"10":{"start":{"line":12,"column":8},"end":{"line":12,"column":43}},"11":{"start":{"line":13,"column":19},"end":{"line":13,"column":78}},"12":{"start":{"line":14,"column":8},"end":{"line":16,"column":9}},"13":{"start":{"line":15,"column":12},"end":{"line":15,"column":74}},"14":{"start":{"line":17,"column":8},"end":{"line":17,"column":35}},"15":{"start":{"line":18,"column":22},"end":{"line":22,"column":9}},"16":{"start":{"line":23,"column":8},"end":{"line":23,"column":37}},"17":{"start":{"line":24,"column":8},"end":{"line":28,"column":10}},"18":{"start":{"line":29,"column":8},"end":{"line":35,"column":10}},"19":{"start":{"line":36,"column":8},"end":{"line":36,"column":47}},"20":{"start":{"line":38,"column":8},"end":{"line":38,"column":18}},"21":{"start":{"line":42,"column":0},"end":{"line":50,"column":2}},"22":{"start":{"line":43,"column":4},"end":{"line":49,"column":5}},"23":{"start":{"line":44,"column":23},"end":{"line":44,"column":26}},"24":{"start":{"line":45,"column":8},"end":{"line":45,"column":33}},"25":{"start":{"line":46,"column":8},"end":{"line":46,"column":36}},"26":{"start":{"line":48,"column":8},"end":{"line":48,"column":18}},"27":{"start":{"line":52,"column":0},"end":{"line":66,"column":2}},"28":{"start":{"line":53,"column":4},"end":{"line":65,"column":5}},"29":{"start":{"line":54,"column":23},"end":{"line":54,"column":26}},"30":{"start":{"line":55,"column":19},"end":{"line":55,"column":41}},"31":{"start":{"line":56,"column":19},"end":{"line":56,"column":49}},"32":{"start":{"line":57,"column":8},"end":{"line":61,"column":10}},"33":{"start":{"line":62,"column":8},"end":{"line":62,"column":40}},"34":{"start":{"line":64,"column":8},"end":{"line":64,"column":18}}},"fnMap":{"0":{"name":"(anonymous_0)","decl":{"start":{"line":6,"column":23},"end":{"line":6,"column":24}},"loc":{"start":{"line":6,"column":55},"end":{"line":40,"column":1}},"line":6},"1":{"name":"(anonymous_1)","decl":{"start":{"line":42,"column":24},"end":{"line":42,"column":25}},"loc":{"start":{"line":42,"column":56},"end":{"line":50,"column":1}},"line":42},"2":{"name":"(anonymous_2)","decl":{"start":{"line":52,"column":28},"end":{"line":52,"column":29}},"loc":{"start":{"line":52,"column":60},"end":{"line":66,"column":1}},"line":52}},"branchMap":{"0":{"loc":{"start":{"line":14,"column":8},"end":{"line":16,"column":9}},"type":"if","locations":[{"start":{"line":14,"column":8},"end":{"line":16,"column":9}},{"start":{},"end":{}}],"line":14}},"s":{"0":1,"1":1,"2":1,"3":1,"4":1,"5":0,"6":0,"7":0,"8":0,"9":0,"10":0,"11":0,"12":0,"13":0,"14":0,"15":0,"16":0,"17":0,"18":0,"19":0,"20":0,"21":1,"22":0,"23":0,"24":0,"25":0,"26":0,"27":1,"28":0,"29":0,"30":0,"31":0,"32":0,"33":0,"34":0},"f":{"0":0,"1":0,"2":0},"b":{"0":[0,0]},"_coverageSchema":"1a1c01bbd47fc00a2c39e90264f33305004495a9","hash":"4fea10091f80d240c79d05f02feec71d3bb0894d"}
,"C:\\Users\\12101338\\Desktop\\code\\server\\controllers\\studentController.js": {"path":"C:\\Users\\12101338\\Desktop\\code\\server\\controllers\\studentController.js","statementMap":{"0":{"start":{"line":1,"column":23},"end":{"line":1,"column":60}},"1":{"start":{"line":5,"column":8},"end":{"line":11,"column":9}},"2":{"start":{"line":6,"column":30},"end":{"line":6,"column":43}},"3":{"start":{"line":7,"column":28},"end":{"line":7,"column":77}},"4":{"start":{"line":8,"column":12},"end":{"line":8,"column":34}},"5":{"start":{"line":10,"column":12},"end":{"line":10,"column":24}},"6":{"start":{"line":15,"column":8},"end":{"line":21,"column":9}},"7":{"start":{"line":16,"column":48},"end":{"line":16,"column":58}},"8":{"start":{"line":17,"column":32},"end":{"line":17,"column":96}},"9":{"start":{"line":18,"column":12},"end":{"line":18,"column":38}},"10":{"start":{"line":20,"column":12},"end":{"line":20,"column":24}},"11":{"start":{"line":25,"column":0},"end":{"line":25,"column":41}}},"fnMap":{"0":{"name":"(anonymous_0)","decl":{"start":{"line":4,"column":4},"end":{"line":4,"column":5}},"loc":{"start":{"line":4,"column":44},"end":{"line":12,"column":5}},"line":4},"1":{"name":"(anonymous_1)","decl":{"start":{"line":14,"column":4},"end":{"line":14,"column":5}},"loc":{"start":{"line":14,"column":49},"end":{"line":22,"column":5}},"line":14}},"branchMap":{},"s":{"0":1,"1":0,"2":0,"3":0,"4":0,"5":0,"6":0,"7":0,"8":0,"9":0,"10":0,"11":1},"f":{"0":0,"1":0},"b":{},"_coverageSchema":"1a1c01bbd47fc00a2c39e90264f33305004495a9","hash":"ed7659d5e758ab0f952bb707846866e658e08848"}
,"C:\\Users\\12101338\\Desktop\\code\\server\\controllers\\teacherController.js": {"path":"C:\\Users\\12101338\\Desktop\\code\\server\\controllers\\teacherController.js","statementMap":{"0":{"start":{"line":1,"column":23},"end":{"line":1,"column":60}},"1":{"start":{"line":5,"column":8},"end":{"line":12,"column":9}},"2":{"start":{"line":6,"column":27},"end":{"line":6,"column":44}},"3":{"start":{"line":7,"column":28},"end":{"line":7,"column":74}},"4":{"start":{"line":8,"column":12},"end":{"line":8,"column":34}},"5":{"start":{"line":10,"column":12},"end":{"line":10,"column":64}},"6":{"start":{"line":11,"column":12},"end":{"line":11,"column":24}},"7":{"start":{"line":16,"column":8},"end":{"line":22,"column":9}},"8":{"start":{"line":17,"column":48},"end":{"line":17,"column":58}},"9":{"start":{"line":18,"column":29},"end":{"line":18,"column":88}},"10":{"start":{"line":19,"column":12},"end":{"line":19,"column":35}},"11":{"start":{"line":21,"column":12},"end":{"line":21,"column":24}},"12":{"start":{"line":26,"column":8},"end":{"line":33,"column":9}},"13":{"start":{"line":27,"column":59},"end":{"line":27,"column":69}},"14":{"start":{"line":28,"column":48},"end":{"line":28,"column":56}},"15":{"start":{"line":29,"column":12},"end":{"line":29,"column":107}},"16":{"start":{"line":30,"column":12},"end":{"line":30,"column":69}},"17":{"start":{"line":32,"column":12},"end":{"line":32,"column":24}},"18":{"start":{"line":37,"column":8},"end":{"line":59,"column":9}},"19":{"start":{"line":38,"column":48},"end":{"line":38,"column":58}},"20":{"start":{"line":39,"column":59},"end":{"line":39,"column":68}},"21":{"start":{"line":41,"column":27},"end":{"line":41,"column":86}},"22":{"start":{"line":43,"column":12},"end":{"line":45,"column":13}},"23":{"start":{"line":44,"column":16},"end":{"line":44,"column":75}},"24":{"start":{"line":46,"column":12},"end":{"line":54,"column":13}},"25":{"start":{"line":47,"column":16},"end":{"line":53,"column":19}},"26":{"start":{"line":48,"column":41},"end":{"line":48,"column":88}},"27":{"start":{"line":49,"column":20},"end":{"line":52,"column":22}},"28":{"start":{"line":56,"column":12},"end":{"line":56,"column":35}},"29":{"start":{"line":58,"column":12},"end":{"line":58,"column":24}},"30":{"start":{"line":63,"column":25},"end":{"line":63,"column":26}},"31":{"start":{"line":64,"column":26},"end":{"line":64,"column":27}},"32":{"start":{"line":66,"column":8},"end":{"line":71,"column":11}},"33":{"start":{"line":67,"column":12},"end":{"line":70,"column":13}},"34":{"start":{"line":68,"column":16},"end":{"line":68,"column":68}},"35":{"start":{"line":69,"column":16},"end":{"line":69,"column":49}},"36":{"start":{"line":73,"column":8},"end":{"line":75,"column":9}},"37":{"start":{"line":74,"column":12},"end":{"line":74,"column":21}},"38":{"start":{"line":77,"column":32},"end":{"line":77,"column":71}},"39":{"start":{"line":78,"column":8},"end":{"line":78,"column":43}},"40":{"start":{"line":82,"column":0},"end":{"line":82,"column":41}}},"fnMap":{"0":{"name":"(anonymous_0)","decl":{"start":{"line":4,"column":4},"end":{"line":4,"column":5}},"loc":{"start":{"line":4,"column":44},"end":{"line":13,"column":5}},"line":4},"1":{"name":"(anonymous_1)","decl":{"start":{"line":15,"column":4},"end":{"line":15,"column":5}},"loc":{"start":{"line":15,"column":44},"end":{"line":23,"column":5}},"line":15},"2":{"name":"(anonymous_2)","decl":{"start":{"line":25,"column":4},"end":{"line":25,"column":5}},"loc":{"start":{"line":25,"column":43},"end":{"line":34,"column":5}},"line":25},"3":{"name":"(anonymous_3)","decl":{"start":{"line":36,"column":4},"end":{"line":36,"column":5}},"loc":{"start":{"line":36,"column":53},"end":{"line":60,"column":5}},"line":36},"4":{"name":"(anonymous_4)","decl":{"start":{"line":47,"column":43},"end":{"line":47,"column":44}},"loc":{"start":{"line":47,"column":54},"end":{"line":53,"column":17}},"line":47},"5":{"name":"(anonymous_5)","decl":{"start":{"line":62,"column":4},"end":{"line":62,"column":5}},"loc":{"start":{"line":62,"column":39},"end":{"line":79,"column":5}},"line":62},"6":{"name":"(anonymous_6)","decl":{"start":{"line":66,"column":28},"end":{"line":66,"column":29}},"loc":{"start":{"line":66,"column":42},"end":{"line":71,"column":9}},"line":66}},"branchMap":{"0":{"loc":{"start":{"line":43,"column":12},"end":{"line":45,"column":13}},"type":"if","locations":[{"start":{"line":43,"column":12},"end":{"line":45,"column":13}},{"start":{},"end":{}}],"line":43},"1":{"loc":{"start":{"line":46,"column":12},"end":{"line":54,"column":13}},"type":"if","locations":[{"start":{"line":46,"column":12},"end":{"line":54,"column":13}},{"start":{},"end":{}}],"line":46},"2":{"loc":{"start":{"line":46,"column":16},"end":{"line":46,"column":52}},"type":"binary-expr","locations":[{"start":{"line":46,"column":16},"end":{"line":46,"column":32}},{"start":{"line":46,"column":36},"end":{"line":46,"column":52}}],"line":46},"3":{"loc":{"start":{"line":50,"column":24},"end":{"line":51,"column":79}},"type":"binary-expr","locations":[{"start":{"line":50,"column":25},"end":{"line":50,"column":42}},{"start":{"line":50,"column":46},"end":{"line":50,"column":78}},{"start":{"line":51,"column":25},"end":{"line":51,"column":42}},{"start":{"line":51,"column":46},"end":{"line":51,"column":78}}],"line":50},"4":{"loc":{"start":{"line":67,"column":12},"end":{"line":70,"column":13}},"type":"if","locations":[{"start":{"line":67,"column":12},"end":{"line":70,"column":13}},{"start":{},"end":{}}],"line":67},"5":{"loc":{"start":{"line":67,"column":16},"end":{"line":67,"column":63}},"type":"binary-expr","locations":[{"start":{"line":67,"column":16},"end":{"line":67,"column":38}},{"start":{"line":67,"column":42},"end":{"line":67,"column":63}}],"line":67},"6":{"loc":{"start":{"line":73,"column":8},"end":{"line":75,"column":9}},"type":"if","locations":[{"start":{"line":73,"column":8},"end":{"line":75,"column":9}},{"start":{},"end":{}}],"line":73}},"s":{"0":1,"1":0,"2":0,"3":0,"4":0,"5":0,"6":0,"7":0,"8":0,"9":0,"10":0,"11":0,"12":0,"13":0,"14":0,"15":0,"16":0,"17":0,"18":0,"19":0,"20":0,"21":0,"22":0,"23":0,"24":0,"25":0,"26":0,"27":0,"28":0,"29":0,"30":0,"31":0,"32":0,"33":0,"34":0,"35":0,"36":0,"37":0,"38":0,"39":0,"40":1},"f":{"0":0,"1":0,"2":0,"3":0,"4":0,"5":0,"6":0},"b":{"0":[0,0],"1":[0,0],"2":[0,0],"3":[0,0,0,0],"4":[0,0],"5":[0,0],"6":[0,0]},"_coverageSchema":"1a1c01bbd47fc00a2c39e90264f33305004495a9","hash":"efbb24ba4e5dcc02be0387b020ac30289aab48ae"}
,"C:\\Users\\12101338\\Desktop\\code\\server\\loaders\\database.js": {"path":"C:\\Users\\12101338\\Desktop\\code\\server\\loaders\\database.js","statementMap":{"0":{"start":{"line":1,"column":17},"end":{"line":1,"column":36}},"1":{"start":{"line":2,"column":0},"end":{"line":2,"column":34}},"2":{"start":{"line":5,"column":4},"end":{"line":5,"column":78}},"3":{"start":{"line":8,"column":0},"end":{"line":8,"column":33}}},"fnMap":{"0":{"name":"connectMongoose","decl":{"start":{"line":4,"column":15},"end":{"line":4,"column":30}},"loc":{"start":{"line":4,"column":75},"end":{"line":6,"column":1}},"line":4}},"branchMap":{},"s":{"0":1,"1":1,"2":1,"3":1},"f":{"0":1},"b":{},"_coverageSchema":"1a1c01bbd47fc00a2c39e90264f33305004495a9","hash":"679035f309603b7310661d04d43fd90b3a1f3e68"}
,"C:\\Users\\12101338\\Desktop\\code\\server\\loaders\\express.js": {"path":"C:\\Users\\12101338\\Desktop\\code\\server\\loaders\\express.js","statementMap":{"0":{"start":{"line":1,"column":16},"end":{"line":1,"column":34}},"1":{"start":{"line":2,"column":13},"end":{"line":2,"column":28}},"2":{"start":{"line":3,"column":21},"end":{"line":3,"column":45}},"3":{"start":{"line":4,"column":19},"end":{"line":4,"column":44}},"4":{"start":{"line":5,"column":22},"end":{"line":5,"column":50}},"5":{"start":{"line":6,"column":22},"end":{"line":6,"column":50}},"6":{"start":{"line":7,"column":32},"end":{"line":7,"column":70}},"7":{"start":{"line":8,"column":25},"end":{"line":8,"column":56}},"8":{"start":{"line":9,"column":28},"end":{"line":9,"column":62}},"9":{"start":{"line":10,"column":18},"end":{"line":10,"column":47}},"10":{"start":{"line":12,"column":38},"end":{"line":12,"column":68}},"11":{"start":{"line":16,"column":16},"end":{"line":20,"column":2}},"12":{"start":{"line":22,"column":16},"end":{"line":22,"column":25}},"13":{"start":{"line":23,"column":4},"end":{"line":23,"column":21}},"14":{"start":{"line":24,"column":4},"end":{"line":24,"column":37}},"15":{"start":{"line":25,"column":4},"end":{"line":25,"column":28}},"16":{"start":{"line":26,"column":4},"end":{"line":26,"column":28}},"17":{"start":{"line":28,"column":4},"end":{"line":28,"column":48}},"18":{"start":{"line":29,"column":4},"end":{"line":29,"column":46}},"19":{"start":{"line":30,"column":4},"end":{"line":30,"column":49}},"20":{"start":{"line":31,"column":4},"end":{"line":31,"column":33}},"21":{"start":{"line":32,"column":4},"end":{"line":32,"column":39}},"22":{"start":{"line":33,"column":4},"end":{"line":33,"column":39}},"23":{"start":{"line":34,"column":4},"end":{"line":34,"column":27}},"24":{"start":{"line":35,"column":4},"end":{"line":35,"column":26}},"25":{"start":{"line":36,"column":4},"end":{"line":36,"column":15}},"26":{"start":{"line":39,"column":0},"end":{"line":39,"column":29}}},"fnMap":{"0":{"name":"loadExpress","decl":{"start":{"line":21,"column":9},"end":{"line":21,"column":20}},"loc":{"start":{"line":21,"column":35},"end":{"line":37,"column":1}},"line":21}},"branchMap":{},"s":{"0":1,"1":1,"2":1,"3":1,"4":1,"5":1,"6":1,"7":1,"8":1,"9":1,"10":1,"11":1,"12":1,"13":1,"14":1,"15":1,"16":1,"17":1,"18":1,"19":1,"20":1,"21":1,"22":1,"23":1,"24":1,"25":1,"26":1},"f":{"0":1},"b":{},"_coverageSchema":"1a1c01bbd47fc00a2c39e90264f33305004495a9","hash":"69088e7d30f60e2e6dd14ccdff69c996619328fc"}
,"C:\\Users\\12101338\\Desktop\\code\\server\\middleware\\authentication.js": {"path":"C:\\Users\\12101338\\Desktop\\code\\server\\middleware\\authentication.js","statementMap":{"0":{"start":{"line":1,"column":12},"end":{"line":1,"column":35}},"1":{"start":{"line":2,"column":20},"end":{"line":2,"column":42}},"2":{"start":{"line":3,"column":19},"end":{"line":3,"column":41}},"3":{"start":{"line":5,"column":0},"end":{"line":23,"column":2}},"4":{"start":{"line":6,"column":4},"end":{"line":21,"column":5}},"5":{"start":{"line":8,"column":36},"end":{"line":8,"column":61}},"6":{"start":{"line":10,"column":8},"end":{"line":12,"column":9}},"7":{"start":{"line":11,"column":12},"end":{"line":11,"column":85}},"8":{"start":{"line":15,"column":22},"end":{"line":15,"column":64}},"9":{"start":{"line":17,"column":8},"end":{"line":17,"column":87}},"10":{"start":{"line":18,"column":8},"end":{"line":18,"column":60}},"11":{"start":{"line":20,"column":8},"end":{"line":20,"column":71}},"12":{"start":{"line":22,"column":4},"end":{"line":22,"column":11}},"13":{"start":{"line":25,"column":0},"end":{"line":56,"column":2}},"14":{"start":{"line":26,"column":22},"end":{"line":54,"column":5}},"15":{"start":{"line":27,"column":8},"end":{"line":53,"column":9}},"16":{"start":{"line":28,"column":35},"end":{"line":28,"column":53}},"17":{"start":{"line":29,"column":12},"end":{"line":29,"column":64}},"18":{"start":{"line":31,"column":12},"end":{"line":46,"column":13}},"19":{"start":{"line":32,"column":16},"end":{"line":32,"column":64}},"20":{"start":{"line":33,"column":16},"end":{"line":33,"column":45}},"21":{"start":{"line":35,"column":16},"end":{"line":37,"column":17}},"22":{"start":{"line":36,"column":20},"end":{"line":36,"column":29}},"23":{"start":{"line":39,"column":16},"end":{"line":42,"column":17}},"24":{"start":{"line":40,"column":20},"end":{"line":40,"column":97}},"25":{"start":{"line":41,"column":20},"end":{"line":41,"column":29}},"26":{"start":{"line":44,"column":16},"end":{"line":44,"column":43}},"27":{"start":{"line":45,"column":16},"end":{"line":45,"column":30}},"28":{"start":{"line":48,"column":12},"end":{"line":48,"column":41}},"29":{"start":{"line":49,"column":12},"end":{"line":49,"column":59}},"30":{"start":{"line":51,"column":12},"end":{"line":51,"column":55}},"31":{"start":{"line":52,"column":12},"end":{"line":52,"column":75}},"32":{"start":{"line":55,"column":4},"end":{"line":55,"column":21}}},"fnMap":{"0":{"name":"(anonymous_0)","decl":{"start":{"line":5,"column":30},"end":{"line":5,"column":31}},"loc":{"start":{"line":5,"column":56},"end":{"line":23,"column":1}},"line":5},"1":{"name":"(anonymous_1)","decl":{"start":{"line":25,"column":27},"end":{"line":25,"column":28}},"loc":{"start":{"line":25,"column":53},"end":{"line":56,"column":1}},"line":25},"2":{"name":"(anonymous_2)","decl":{"start":{"line":26,"column":22},"end":{"line":26,"column":23}},"loc":{"start":{"line":26,"column":48},"end":{"line":54,"column":5}},"line":26}},"branchMap":{"0":{"loc":{"start":{"line":10,"column":8},"end":{"line":12,"column":9}},"type":"if","locations":[{"start":{"line":10,"column":8},"end":{"line":12,"column":9}},{"start":{},"end":{}}],"line":10},"1":{"loc":{"start":{"line":35,"column":16},"end":{"line":37,"column":17}},"type":"if","locations":[{"start":{"line":35,"column":16},"end":{"line":37,"column":17}},{"start":{},"end":{}}],"line":35},"2":{"loc":{"start":{"line":39,"column":16},"end":{"line":42,"column":17}},"type":"if","locations":[{"start":{"line":39,"column":16},"end":{"line":42,"column":17}},{"start":{},"end":{}}],"line":39},"3":{"loc":{"start":{"line":39,"column":20},"end":{"line":39,"column":87}},"type":"binary-expr","locations":[{"start":{"line":39,"column":20},"end":{"line":39,"column":36}},{"start":{"line":39,"column":40},"end":{"line":39,"column":87}}],"line":39}},"s":{"0":1,"1":1,"2":1,"3":1,"4":0,"5":0,"6":0,"7":0,"8":0,"9":0,"10":0,"11":0,"12":0,"13":1,"14":7,"15":0,"16":0,"17":0,"18":0,"19":0,"20":0,"21":0,"22":0,"23":0,"24":0,"25":0,"26":0,"27":0,"28":0,"29":0,"30":0,"31":0,"32":7},"f":{"0":0,"1":7,"2":0},"b":{"0":[0,0],"1":[0,0],"2":[0,0],"3":[0,0]},"_coverageSchema":"1a1c01bbd47fc00a2c39e90264f33305004495a9","hash":"ced8eecb6c63633df8b5c60d73e960350b904c33"}
,"C:\\Users\\12101338\\Desktop\\code\\server\\middleware\\error.js": {"path":"C:\\Users\\12101338\\Desktop\\code\\server\\middleware\\error.js","statementMap":{"0":{"start":{"line":1,"column":20},"end":{"line":1,"column":42}},"1":{"start":{"line":5,"column":8},"end":{"line":5,"column":23}},"2":{"start":{"line":11,"column":8},"end":{"line":11,"column":23}},"3":{"start":{"line":17,"column":8},"end":{"line":17,"column":23}},"4":{"start":{"line":23,"column":8},"end":{"line":23,"column":23}},"5":{"start":{"line":28,"column":17},"end":{"line":28,"column":34}},"6":{"start":{"line":29,"column":18},"end":{"line":29,"column":55}},"7":{"start":{"line":30,"column":4},"end":{"line":38,"column":5}},"8":{"start":{"line":31,"column":8},"end":{"line":31,"column":21}},"9":{"start":{"line":32,"column":11},"end":{"line":38,"column":5}},"10":{"start":{"line":33,"column":8},"end":{"line":33,"column":21}},"11":{"start":{"line":34,"column":11},"end":{"line":38,"column":5}},"12":{"start":{"line":35,"column":8},"end":{"line":35,"column":21}},"13":{"start":{"line":36,"column":11},"end":{"line":38,"column":5}},"14":{"start":{"line":37,"column":8},"end":{"line":37,"column":21}},"15":{"start":{"line":39,"column":4},"end":{"line":39,"column":48}},"16":{"start":{"line":43,"column":4},"end":{"line":45,"column":5}},"17":{"start":{"line":44,"column":8},"end":{"line":44,"column":57}},"18":{"start":{"line":46,"column":4},"end":{"line":46,"column":11}},"19":{"start":{"line":49,"column":0},"end":{"line":49,"column":120}}},"fnMap":{"0":{"name":"(anonymous_0)","decl":{"start":{"line":4,"column":4},"end":{"line":4,"column":5}},"loc":{"start":{"line":4,"column":25},"end":{"line":6,"column":5}},"line":4},"1":{"name":"(anonymous_1)","decl":{"start":{"line":10,"column":4},"end":{"line":10,"column":5}},"loc":{"start":{"line":10,"column":25},"end":{"line":12,"column":5}},"line":10},"2":{"name":"(anonymous_2)","decl":{"start":{"line":16,"column":4},"end":{"line":16,"column":5}},"loc":{"start":{"line":16,"column":25},"end":{"line":18,"column":5}},"line":16},"3":{"name":"(anonymous_3)","decl":{"start":{"line":22,"column":4},"end":{"line":22,"column":5}},"loc":{"start":{"line":22,"column":25},"end":{"line":24,"column":5}},"line":22},"4":{"name":"errorHandler","decl":{"start":{"line":27,"column":9},"end":{"line":27,"column":21}},"loc":{"start":{"line":27,"column":43},"end":{"line":40,"column":1}},"line":27},"5":{"name":"routeNotFound","decl":{"start":{"line":42,"column":9},"end":{"line":42,"column":22}},"loc":{"start":{"line":42,"column":39},"end":{"line":47,"column":1}},"line":42}},"branchMap":{"0":{"loc":{"start":{"line":28,"column":17},"end":{"line":28,"column":34}},"type":"binary-expr","locations":[{"start":{"line":28,"column":17},"end":{"line":28,"column":27}},{"start":{"line":28,"column":31},"end":{"line":28,"column":34}}],"line":28},"1":{"loc":{"start":{"line":29,"column":18},"end":{"line":29,"column":55}},"type":"binary-expr","locations":[{"start":{"line":29,"column":18},"end":{"line":29,"column":29}},{"start":{"line":29,"column":33},"end":{"line":29,"column":55}}],"line":29},"2":{"loc":{"start":{"line":30,"column":4},"end":{"line":38,"column":5}},"type":"if","locations":[{"start":{"line":30,"column":4},"end":{"line":38,"column":5}},{"start":{"line":32,"column":11},"end":{"line":38,"column":5}}],"line":30},"3":{"loc":{"start":{"line":32,"column":11},"end":{"line":38,"column":5}},"type":"if","locations":[{"start":{"line":32,"column":11},"end":{"line":38,"column":5}},{"start":{"line":34,"column":11},"end":{"line":38,"column":5}}],"line":32},"4":{"loc":{"start":{"line":34,"column":11},"end":{"line":38,"column":5}},"type":"if","locations":[{"start":{"line":34,"column":11},"end":{"line":38,"column":5}},{"start":{"line":36,"column":11},"end":{"line":38,"column":5}}],"line":34},"5":{"loc":{"start":{"line":36,"column":11},"end":{"line":38,"column":5}},"type":"if","locations":[{"start":{"line":36,"column":11},"end":{"line":38,"column":5}},{"start":{},"end":{}}],"line":36},"6":{"loc":{"start":{"line":43,"column":4},"end":{"line":45,"column":5}},"type":"if","locations":[{"start":{"line":43,"column":4},"end":{"line":45,"column":5}},{"start":{},"end":{}}],"line":43}},"s":{"0":3,"1":0,"2":4,"3":0,"4":2,"5":0,"6":0,"7":0,"8":0,"9":0,"10":0,"11":0,"12":0,"13":0,"14":0,"15":0,"16":0,"17":0,"18":0,"19":3},"f":{"0":0,"1":4,"2":0,"3":2,"4":0,"5":0},"b":{"0":[0,0],"1":[0,0],"2":[0,0],"3":[0,0],"4":[0,0],"5":[0,0],"6":[0,0]},"_coverageSchema":"1a1c01bbd47fc00a2c39e90264f33305004495a9","hash":"47fef8f81abe120fe39caa6e717e1df0571653fb"}
,"C:\\Users\\12101338\\Desktop\\code\\server\\middleware\\helmet.js": {"path":"C:\\Users\\12101338\\Desktop\\code\\server\\middleware\\helmet.js","statementMap":{"0":{"start":{"line":1,"column":15},"end":{"line":1,"column":32}},"1":{"start":{"line":5,"column":8},"end":{"line":5,"column":24}},"2":{"start":{"line":9,"column":0},"end":{"line":9,"column":40}}},"fnMap":{"0":{"name":"(anonymous_0)","decl":{"start":{"line":4,"column":4},"end":{"line":4,"column":5}},"loc":{"start":{"line":4,"column":20},"end":{"line":6,"column":5}},"line":4}},"branchMap":{},"s":{"0":1,"1":1,"2":1},"f":{"0":1},"b":{},"_coverageSchema":"1a1c01bbd47fc00a2c39e90264f33305004495a9","hash":"bec227d90b8ea20639de571b4a660e1c5abd16a0"}
,"C:\\Users\\12101338\\Desktop\\code\\server\\middleware\\mongoSanitize.js": {"path":"C:\\Users\\12101338\\Desktop\\code\\server\\middleware\\mongoSanitize.js","statementMap":{"0":{"start":{"line":1,"column":29},"end":{"line":1,"column":62}},"1":{"start":{"line":5,"column":8},"end":{"line":5,"column":38}},"2":{"start":{"line":9,"column":0},"end":{"line":9,"column":47}}},"fnMap":{"0":{"name":"(anonymous_0)","decl":{"start":{"line":4,"column":4},"end":{"line":4,"column":5}},"loc":{"start":{"line":4,"column":15},"end":{"line":6,"column":5}},"line":4}},"branchMap":{},"s":{"0":1,"1":1,"2":1},"f":{"0":1},"b":{},"_coverageSchema":"1a1c01bbd47fc00a2c39e90264f33305004495a9","hash":"811c1b971170447f5b6f245e6fd28c3253663ed1"}
,"C:\\Users\\12101338\\Desktop\\code\\server\\middleware\\rateLimit.js": {"path":"C:\\Users\\12101338\\Desktop\\code\\server\\middleware\\rateLimit.js","statementMap":{"0":{"start":{"line":1,"column":18},"end":{"line":1,"column":47}},"1":{"start":{"line":5,"column":8},"end":{"line":9,"column":11}},"2":{"start":{"line":13,"column":0},"end":{"line":13,"column":43}}},"fnMap":{"0":{"name":"(anonymous_0)","decl":{"start":{"line":4,"column":4},"end":{"line":4,"column":5}},"loc":{"start":{"line":4,"column":20},"end":{"line":10,"column":5}},"line":4}},"branchMap":{},"s":{"0":1,"1":1,"2":1},"f":{"0":1},"b":{},"_coverageSchema":"1a1c01bbd47fc00a2c39e90264f33305004495a9","hash":"d96e3a6a7951a94300772f7450dad435286a367a"}
,"C:\\Users\\12101338\\Desktop\\code\\server\\models\\courseModel.js": {"path":"C:\\Users\\12101338\\Desktop\\code\\server\\models\\courseModel.js","statementMap":{"0":{"start":{"line":1,"column":17},"end":{"line":1,"column":36}},"1":{"start":{"line":2,"column":15},"end":{"line":2,"column":30}},"2":{"start":{"line":3,"column":18},"end":{"line":3,"column":38}},"3":{"start":{"line":5,"column":21},"end":{"line":30,"column":2}},"4":{"start":{"line":13,"column":34},"end":{"line":13,"column":58}},"5":{"start":{"line":32,"column":15},"end":{"line":32,"column":53}},"6":{"start":{"line":34,"column":0},"end":{"line":34,"column":24}}},"fnMap":{"0":{"name":"(anonymous_0)","decl":{"start":{"line":13,"column":23},"end":{"line":13,"column":24}},"loc":{"start":{"line":13,"column":34},"end":{"line":13,"column":58}},"line":13}},"branchMap":{},"s":{"0":1,"1":1,"2":1,"3":1,"4":0,"5":1,"6":1},"f":{"0":0},"b":{},"_coverageSchema":"1a1c01bbd47fc00a2c39e90264f33305004495a9","hash":"3a104efbf1529596e9ae1aff04fb6f33b38a8fb0"}
,"C:\\Users\\12101338\\Desktop\\code\\server\\models\\evaluationModel.js": {"path":"C:\\Users\\12101338\\Desktop\\code\\server\\models\\evaluationModel.js","statementMap":{"0":{"start":{"line":1,"column":17},"end":{"line":1,"column":36}},"1":{"start":{"line":2,"column":15},"end":{"line":2,"column":30}},"2":{"start":{"line":3,"column":18},"end":{"line":3,"column":38}},"3":{"start":{"line":5,"column":25},"end":{"line":40,"column":2}},"4":{"start":{"line":32,"column":34},"end":{"line":32,"column":58}},"5":{"start":{"line":42,"column":19},"end":{"line":42,"column":65}},"6":{"start":{"line":44,"column":0},"end":{"line":44,"column":28}}},"fnMap":{"0":{"name":"(anonymous_0)","decl":{"start":{"line":32,"column":23},"end":{"line":32,"column":24}},"loc":{"start":{"line":32,"column":34},"end":{"line":32,"column":58}},"line":32}},"branchMap":{},"s":{"0":1,"1":1,"2":1,"3":1,"4":0,"5":1,"6":1},"f":{"0":0},"b":{},"_coverageSchema":"1a1c01bbd47fc00a2c39e90264f33305004495a9","hash":"8517b0c3c90131a5fc671a9cae00c1c3a9bd3afe"}
,"C:\\Users\\12101338\\Desktop\\code\\server\\models\\userModel.js": {"path":"C:\\Users\\12101338\\Desktop\\code\\server\\models\\userModel.js","statementMap":{"0":{"start":{"line":1,"column":17},"end":{"line":1,"column":36}},"1":{"start":{"line":2,"column":15},"end":{"line":2,"column":34}},"2":{"start":{"line":3,"column":18},"end":{"line":3,"column":38}},"3":{"start":{"line":5,"column":19},"end":{"line":31,"column":1}},"4":{"start":{"line":15,"column":38},"end":{"line":15,"column":69}},"5":{"start":{"line":17,"column":36},"end":{"line":17,"column":77}},"6":{"start":{"line":33,"column":0},"end":{"line":44,"column":7}},"7":{"start":{"line":36,"column":8},"end":{"line":36,"column":35}},"8":{"start":{"line":37,"column":8},"end":{"line":39,"column":9}},"9":{"start":{"line":38,"column":12},"end":{"line":38,"column":74}},"10":{"start":{"line":40,"column":8},"end":{"line":42,"column":9}},"11":{"start":{"line":41,"column":12},"end":{"line":41,"column":79}},"12":{"start":{"line":43,"column":8},"end":{"line":43,"column":59}},"13":{"start":{"line":46,"column":0},"end":{"line":69,"column":2}},"14":{"start":{"line":47,"column":17},"end":{"line":47,"column":47}},"15":{"start":{"line":48,"column":4},"end":{"line":50,"column":5}},"16":{"start":{"line":49,"column":8},"end":{"line":49,"column":20}},"17":{"start":{"line":51,"column":4},"end":{"line":68,"column":5}},"18":{"start":{"line":52,"column":8},"end":{"line":55,"column":9}},"19":{"start":{"line":53,"column":12},"end":{"line":53,"column":52}},"20":{"start":{"line":54,"column":12},"end":{"line":54,"column":24}},"21":{"start":{"line":57,"column":8},"end":{"line":57,"column":41}},"22":{"start":{"line":58,"column":32},"end":{"line":58,"column":83}},"23":{"start":{"line":59,"column":8},"end":{"line":59,"column":70}},"24":{"start":{"line":60,"column":8},"end":{"line":62,"column":9}},"25":{"start":{"line":61,"column":12},"end":{"line":61,"column":24}},"26":{"start":{"line":64,"column":8},"end":{"line":64,"column":20}},"27":{"start":{"line":66,"column":8},"end":{"line":66,"column":66}},"28":{"start":{"line":67,"column":8},"end":{"line":67,"column":20}},"29":{"start":{"line":71,"column":0},"end":{"line":71,"column":52}}},"fnMap":{"0":{"name":"(anonymous_0)","decl":{"start":{"line":15,"column":27},"end":{"line":15,"column":28}},"loc":{"start":{"line":15,"column":38},"end":{"line":15,"column":69}},"line":15},"1":{"name":"(anonymous_1)","decl":{"start":{"line":17,"column":25},"end":{"line":17,"column":26}},"loc":{"start":{"line":17,"column":36},"end":{"line":17,"column":77}},"line":17},"2":{"name":"(anonymous_2)","decl":{"start":{"line":35,"column":9},"end":{"line":35,"column":10}},"loc":{"start":{"line":35,"column":29},"end":{"line":44,"column":5}},"line":35},"3":{"name":"(anonymous_3)","decl":{"start":{"line":46,"column":42},"end":{"line":46,"column":43}},"loc":{"start":{"line":46,"column":78},"end":{"line":69,"column":1}},"line":46}},"branchMap":{"0":{"loc":{"start":{"line":37,"column":8},"end":{"line":39,"column":9}},"type":"if","locations":[{"start":{"line":37,"column":8},"end":{"line":39,"column":9}},{"start":{},"end":{}}],"line":37},"1":{"loc":{"start":{"line":40,"column":8},"end":{"line":42,"column":9}},"type":"if","locations":[{"start":{"line":40,"column":8},"end":{"line":42,"column":9}},{"start":{},"end":{}}],"line":40},"2":{"loc":{"start":{"line":48,"column":4},"end":{"line":50,"column":5}},"type":"if","locations":[{"start":{"line":48,"column":4},"end":{"line":50,"column":5}},{"start":{},"end":{}}],"line":48},"3":{"loc":{"start":{"line":52,"column":8},"end":{"line":55,"column":9}},"type":"if","locations":[{"start":{"line":52,"column":8},"end":{"line":55,"column":9}},{"start":{},"end":{}}],"line":52},"4":{"loc":{"start":{"line":60,"column":8},"end":{"line":62,"column":9}},"type":"if","locations":[{"start":{"line":60,"column":8},"end":{"line":62,"column":9}},{"start":{},"end":{}}],"line":60}},"s":{"0":4,"1":4,"2":4,"3":4,"4":4,"5":0,"6":4,"7":6,"8":6,"9":0,"10":6,"11":0,"12":6,"13":4,"14":15,"15":15,"16":11,"17":4,"18":4,"19":0,"20":0,"21":4,"22":4,"23":4,"24":4,"25":2,"26":2,"27":0,"28":0,"29":4},"f":{"0":4,"1":0,"2":6,"3":15},"b":{"0":[0,6],"1":[0,6],"2":[11,4],"3":[0,4],"4":[2,2]},"_coverageSchema":"1a1c01bbd47fc00a2c39e90264f33305004495a9","hash":"0a4a211f1c577dd2b9a20dc4ced3fa3f15d4a678"}
,"C:\\Users\\12101338\\Desktop\\code\\server\\routes\\student.js": {"path":"C:\\Users\\12101338\\Desktop\\code\\server\\routes\\student.js","statementMap":{"0":{"start":{"line":1,"column":16},"end":{"line":1,"column":34}},"1":{"start":{"line":2,"column":26},"end":{"line":2,"column":69}},"2":{"start":{"line":3,"column":34},"end":{"line":3,"column":73}},"3":{"start":{"line":5,"column":15},"end":{"line":5,"column":31}},"4":{"start":{"line":8,"column":0},"end":{"line":11,"column":41}},"5":{"start":{"line":12,"column":0},"end":{"line":15,"column":46}},"6":{"start":{"line":17,"column":0},"end":{"line":17,"column":24}}},"fnMap":{},"branchMap":{},"s":{"0":1,"1":1,"2":1,"3":1,"4":1,"5":1,"6":1},"f":{},"b":{},"_coverageSchema":"1a1c01bbd47fc00a2c39e90264f33305004495a9","hash":"de74fd17e5759b9b48456d67ee2ae380a658b0d0"}
,"C:\\Users\\12101338\\Desktop\\code\\server\\routes\\teacher.js": {"path":"C:\\Users\\12101338\\Desktop\\code\\server\\routes\\teacher.js","statementMap":{"0":{"start":{"line":1,"column":16},"end":{"line":1,"column":34}},"1":{"start":{"line":2,"column":26},"end":{"line":2,"column":69}},"2":{"start":{"line":3,"column":34},"end":{"line":3,"column":73}},"3":{"start":{"line":5,"column":15},"end":{"line":5,"column":31}},"4":{"start":{"line":7,"column":0},"end":{"line":10,"column":41}},"5":{"start":{"line":11,"column":0},"end":{"line":11,"column":49}},"6":{"start":{"line":12,"column":0},"end":{"line":15,"column":41}},"7":{"start":{"line":16,"column":0},"end":{"line":19,"column":40}},"8":{"start":{"line":20,"column":0},"end":{"line":23,"column":50}},"9":{"start":{"line":25,"column":0},"end":{"line":25,"column":24}}},"fnMap":{},"branchMap":{},"s":{"0":1,"1":1,"2":1,"3":1,"4":1,"5":1,"6":1,"7":1,"8":1,"9":1},"f":{},"b":{},"_coverageSchema":"1a1c01bbd47fc00a2c39e90264f33305004495a9","hash":"d308e25f190c9b835ffb982d9fc0fc7174a20496"}
,"C:\\Users\\12101338\\Desktop\\code\\server\\routes\\user.js": {"path":"C:\\Users\\12101338\\Desktop\\code\\server\\routes\\user.js","statementMap":{"0":{"start":{"line":1,"column":16},"end":{"line":1,"column":34}},"1":{"start":{"line":2,"column":15},"end":{"line":2,"column":31}},"2":{"start":{"line":3,"column":27},"end":{"line":3,"column":71}},"3":{"start":{"line":4,"column":34},"end":{"line":4,"column":73}},"4":{"start":{"line":6,"column":0},"end":{"line":6,"column":48}},"5":{"start":{"line":8,"column":0},"end":{"line":8,"column":50}},"6":{"start":{"line":10,"column":0},"end":{"line":13,"column":35}},"7":{"start":{"line":16,"column":0},"end":{"line":16,"column":24}}},"fnMap":{},"branchMap":{},"s":{"0":1,"1":1,"2":1,"3":1,"4":1,"5":1,"6":1,"7":1},"f":{},"b":{},"_coverageSchema":"1a1c01bbd47fc00a2c39e90264f33305004495a9","hash":"d1c025b8fd198d094e1b2617ad8b1ddaf97287d7"}
,"C:\\Users\\12101338\\Desktop\\code\\server\\services\\studentService.js": {"path":"C:\\Users\\12101338\\Desktop\\code\\server\\services\\studentService.js","statementMap":{"0":{"start":{"line":5,"column":15},"end":{"line":5,"column":47}},"1":{"start":{"line":6,"column":19},"end":{"line":6,"column":55}},"2":{"start":{"line":12,"column":20},"end":{"line":12,"column":70}},"3":{"start":{"line":13,"column":4},"end":{"line":13,"column":19}},"4":{"start":{"line":18,"column":24},"end":{"line":18,"column":87}},"5":{"start":{"line":20,"column":4},"end":{"line":20,"column":23}},"6":{"start":{"line":26,"column":0},"end":{"line":26,"column":61}}},"fnMap":{"0":{"name":"getStudentCourses","decl":{"start":{"line":11,"column":15},"end":{"line":11,"column":32}},"loc":{"start":{"line":11,"column":44},"end":{"line":14,"column":1}},"line":11},"1":{"name":"getEvaluationsByCourse","decl":{"start":{"line":16,"column":15},"end":{"line":16,"column":37}},"loc":{"start":{"line":16,"column":59},"end":{"line":22,"column":1}},"line":16}},"branchMap":{},"s":{"0":1,"1":1,"2":0,"3":0,"4":0,"5":0,"6":1},"f":{"0":0,"1":0},"b":{},"_coverageSchema":"1a1c01bbd47fc00a2c39e90264f33305004495a9","hash":"7ec73af8faa466039f4a8b77224fb60117c5d13f"}
,"C:\\Users\\12101338\\Desktop\\code\\server\\services\\teacherService.js": {"path":"C:\\Users\\12101338\\Desktop\\code\\server\\services\\teacherService.js","statementMap":{"0":{"start":{"line":1,"column":15},"end":{"line":1,"column":47}},"1":{"start":{"line":2,"column":19},"end":{"line":2,"column":55}},"2":{"start":{"line":4,"column":0},"end":{"line":7,"column":2}},"3":{"start":{"line":5,"column":20},"end":{"line":5,"column":94}},"4":{"start":{"line":6,"column":4},"end":{"line":6,"column":19}},"5":{"start":{"line":9,"column":0},"end":{"line":17,"column":2}},"6":{"start":{"line":10,"column":19},"end":{"line":10,"column":111}},"7":{"start":{"line":12,"column":4},"end":{"line":14,"column":5}},"8":{"start":{"line":13,"column":8},"end":{"line":13,"column":44}},"9":{"start":{"line":16,"column":4},"end":{"line":16,"column":27}},"10":{"start":{"line":19,"column":0},"end":{"line":35,"column":2}},"11":{"start":{"line":21,"column":28},"end":{"line":21,"column":39}},"12":{"start":{"line":23,"column":23},"end":{"line":31,"column":6}},"13":{"start":{"line":32,"column":4},"end":{"line":32,"column":28}},"14":{"start":{"line":34,"column":4},"end":{"line":34,"column":22}}},"fnMap":{"0":{"name":"(anonymous_0)","decl":{"start":{"line":4,"column":28},"end":{"line":4,"column":29}},"loc":{"start":{"line":4,"column":49},"end":{"line":7,"column":1}},"line":4},"1":{"name":"(anonymous_1)","decl":{"start":{"line":9,"column":28},"end":{"line":9,"column":29}},"loc":{"start":{"line":9,"column":59},"end":{"line":17,"column":1}},"line":9},"2":{"name":"(anonymous_2)","decl":{"start":{"line":19,"column":27},"end":{"line":19,"column":28}},"loc":{"start":{"line":19,"column":94},"end":{"line":35,"column":1}},"line":19}},"branchMap":{"0":{"loc":{"start":{"line":12,"column":4},"end":{"line":14,"column":5}},"type":"if","locations":[{"start":{"line":12,"column":4},"end":{"line":14,"column":5}},{"start":{},"end":{}}],"line":12},"1":{"loc":{"start":{"line":27,"column":16},"end":{"line":27,"column":47}},"type":"cond-expr","locations":[{"start":{"line":27,"column":34},"end":{"line":27,"column":40}},{"start":{"line":27,"column":43},"end":{"line":27,"column":47}}],"line":27},"2":{"loc":{"start":{"line":29,"column":17},"end":{"line":29,"column":32}},"type":"binary-expr","locations":[{"start":{"line":29,"column":17},"end":{"line":29,"column":24}},{"start":{"line":29,"column":28},"end":{"line":29,"column":32}}],"line":29}},"s":{"0":1,"1":1,"2":1,"3":0,"4":0,"5":1,"6":0,"7":0,"8":0,"9":0,"10":1,"11":0,"12":0,"13":0,"14":0},"f":{"0":0,"1":0,"2":0},"b":{"0":[0,0],"1":[0,0],"2":[0,0]},"_coverageSchema":"1a1c01bbd47fc00a2c39e90264f33305004495a9","hash":"8c90dd3d10663843d69a554d259932a4dc00d608"}
,"C:\\Users\\12101338\\Desktop\\code\\server\\services\\userService.js": {"path":"C:\\Users\\12101338\\Desktop\\code\\server\\services\\userService.js","statementMap":{"0":{"start":{"line":4,"column":4},"end":{"line":4,"column":34}},"1":{"start":{"line":6,"column":17},"end":{"line":6,"column":36}},"2":{"start":{"line":7,"column":13},"end":{"line":7,"column":43}},"3":{"start":{"line":8,"column":17},"end":{"line":8,"column":40}},"4":{"start":{"line":11,"column":4},"end":{"line":13,"column":5}},"5":{"start":{"line":12,"column":8},"end":{"line":12,"column":57}},"6":{"start":{"line":14,"column":4},"end":{"line":14,"column":29}},"7":{"start":{"line":19,"column":23},"end":{"line":19,"column":66}},"8":{"start":{"line":20,"column":4},"end":{"line":22,"column":5}},"9":{"start":{"line":21,"column":8},"end":{"line":21,"column":63}},"10":{"start":{"line":23,"column":4},"end":{"line":23,"column":23}},"11":{"start":{"line":24,"column":4},"end":{"line":24,"column":26}},"12":{"start":{"line":25,"column":15},"end":{"line":25,"column":66}},"13":{"start":{"line":26,"column":4},"end":{"line":26,"column":22}},"14":{"start":{"line":27,"column":4},"end":{"line":29,"column":5}},"15":{"start":{"line":28,"column":8},"end":{"line":28,"column":63}},"16":{"start":{"line":30,"column":4},"end":{"line":30,"column":16}},"17":{"start":{"line":34,"column":0},"end":{"line":34,"column":51}}},"fnMap":{"0":{"name":"findById","decl":{"start":{"line":10,"column":15},"end":{"line":10,"column":23}},"loc":{"start":{"line":10,"column":28},"end":{"line":15,"column":1}},"line":10},"1":{"name":"findUserByCredentials","decl":{"start":{"line":17,"column":15},"end":{"line":17,"column":36}},"loc":{"start":{"line":17,"column":57},"end":{"line":31,"column":1}},"line":17}},"branchMap":{"0":{"loc":{"start":{"line":11,"column":4},"end":{"line":13,"column":5}},"type":"if","locations":[{"start":{"line":11,"column":4},"end":{"line":13,"column":5}},{"start":{},"end":{}}],"line":11},"1":{"loc":{"start":{"line":11,"column":8},"end":{"line":11,"column":55}},"type":"binary-expr","locations":[{"start":{"line":11,"column":8},"end":{"line":11,"column":30}},{"start":{"line":11,"column":34},"end":{"line":11,"column":55}}],"line":11},"2":{"loc":{"start":{"line":20,"column":4},"end":{"line":22,"column":5}},"type":"if","locations":[{"start":{"line":20,"column":4},"end":{"line":22,"column":5}},{"start":{},"end":{}}],"line":20},"3":{"loc":{"start":{"line":27,"column":4},"end":{"line":29,"column":5}},"type":"if","locations":[{"start":{"line":27,"column":4},"end":{"line":29,"column":5}},{"start":{},"end":{}}],"line":27}},"s":{"0":3,"1":3,"2":3,"3":3,"4":7,"5":4,"6":3,"7":3,"8":3,"9":0,"10":3,"11":3,"12":3,"13":3,"14":3,"15":2,"16":1,"17":3},"f":{"0":7,"1":3},"b":{"0":[4,3],"1":[7,7],"2":[0,3],"3":[2,1]},"_coverageSchema":"1a1c01bbd47fc00a2c39e90264f33305004495a9","hash":"dec13f7e5618463d6a1d1007e949f719ac1f87e1"}
}
